[kirby.cash/index.html]
[kirby.cash/images/kirby.png]
[backblue.gif]
[fade.gif]
[index.html]
[kirby.cash/js/emoji-pop01ac01ac.js]
[kirby.cash/js/mobile-helper01ac01ac.js]
[kirby.cash/index-2.html]
[kirby.cash/images/kirby_1.png]
[kirby.cash/images/kirby_suck.png]
[kirby.cash/images/150.webp]
[kirby.cash/js/jquery.min.js]
[kirby.cash/js/plugins-min01ac01ac.js]
[kirby.cash/index.html]
[kirby.cash/images/social.html]
[kirby.cash/js/made01ac01ac.js]
[fonts.googleapis.com/css1459.css]
[kirby.cash/index-2.html]
[kirby.cash/images/social.html]
[kirby.cash/css/style01ac01ac.css]
[kirby.cash/index-2.html]
[kirby.cash/images/backgrounds/background-hero.svg]
[kirby.cash/css/owl.video.play.html]
[kirby.cash/images/icons/arrow-right-accent.svg]
[kirby.cash/images/icons/arrow-cross-accent.svg]
[kirby.cash/images/icons/arrow-left-gray.svg]
